Build started 2014/9/14 11:29:41.
     1>Project "E:\Projects\OpenGL\calm3dx\example\example.vcxproj" on node 2 (Build target(s)).
     1>ClCompile:
         C:\Program Files (x86)\Microsoft Visual Studio 12.0\VC\bin\CL.exe /c /IE:\Projects\OpenGL\calm3dx\libcalm3d /I"E:\Projects\OpenGL\calm3dx\extern\glfw-3.0.4\include\GLFW" /I"E:\Projects\OpenGL\calm3dx\extern\glew-1.11.0\include\GL" /ZI /nologo /W3 /WX- /Od /Oy- /D WIN32 /D _DEBUG /D _CONSOLE /D _LIB /D _UNICODE /D UNICODE /Gm /EHsc /RTC1 /MDd /GS /fp:precise /Zc:wchar_t /Zc:forScope /Fo"Debug.win32\\" /Fd"Debug.win32\vc120.pdb" /Gd /TP /wd4996 /analyze- /errorReport:prompt 05\SimpleTexture.cpp 05\SimpleTextureCoord.cpp
         SimpleTextureCoord.cpp
     1>c:\program files (x86)\windows kits\8.1\include\shared\minwindef.h(130): warning C4005: 'APIENTRY' : macro redefinition
                 e:\projects\opengl\calm3dx\extern\glfw-3.0.4\include\glfw\glfw3.h(92) : see previous definition of 'APIENTRY'
         SimpleTexture.cpp
     1>c:\program files (x86)\windows kits\8.1\include\shared\minwindef.h(130): warning C4005: 'APIENTRY' : macro redefinition
                 e:\projects\opengl\calm3dx\extern\glfw-3.0.4\include\glfw\glfw3.h(92) : see previous definition of 'APIENTRY'
         Generating Code...
     1>e:\projects\opengl\calm3dx\example\05\simpletexture.cpp(39): warning C4715: 'SimpleTexture::init' : not all control paths return a value
     1>e:\projects\opengl\calm3dx\example\05\simpletexturecoord.cpp(39): warning C4715: 'SimpleTextureCoord::init' : not all control paths return a value
       Link:
         C:\Program Files (x86)\Microsoft Visual Studio 12.0\VC\bin\link.exe /ERRORREPORT:PROMPT /OUT:"E:\Projects\OpenGL\calm3dx\Debug.win32\example.exe" /INCREMENTAL /NOLOGO /LIBPATH:E:\Projects\OpenGL\calm3dx\Debug.win32\ kernel32.lib user32.lib gdi32.lib winspool.lib comdlg32.lib advapi32.lib shell32.lib ole32.lib oleaut32.lib uuid.lib odbc32.lib odbccp32.lib /MANIFEST /MANIFESTUAC:"level='asInvoker' uiAccess='false'" /manifest:embed /DEBUG /PDB:"E:\Projects\OpenGL\calm3dx\Debug.win32\example.pdb" /SUBSYSTEM:CONSOLE /TLBID:1 /DYNAMICBASE /NXCOMPAT /IMPLIB:"E:\Projects\OpenGL\calm3dx\Debug.win32\example.lib" /MACHINE:X86 Debug.win32\SimpleShader.obj
         Debug.win32\Tessellation.obj
         Debug.win32\SimpleData.obj
         Debug.win32\SimpleTexture.obj
         Debug.win32\SimpleTextureCoord.obj
         Debug.win32\SimpleUniform.obj
         Debug.win32\SpinnyCube.obj
         E:\Projects\OpenGL\calm3dx\Debug.win32\glew32d.lib
         E:\Projects\OpenGL\calm3dx\Debug.win32\glfw.lib
         E:\Projects\OpenGL\calm3dx\Debug.win32\libcalm3d.lib
         example.vcxproj -> E:\Projects\OpenGL\calm3dx\Debug.win32\example.exe
     1>Done Building Project "E:\Projects\OpenGL\calm3dx\example\example.vcxproj" (Build target(s)).

Build succeeded.

Time Elapsed 00:00:02.29
